<?xml version="1.0" encoding="UTF-8"?>
<testsuites name="Mocha Tests" time="1.125" tests="2" failures="0">
  <testsuite name="Root Suite" timestamp="2020-10-14T11:36:20" tests="0" file="cypress/integration/sample_spec.js" failures="0" time="0">
  </testsuite>
  <testsuite name="My First Test" timestamp="2020-10-14T11:36:20" tests="2" failures="0" time="1.125">
    <testcase name="My First Test Open Swagger ui" time="0.708" classname="Open Swagger ui">
    </testcase>
    <testcase name="My First Test Open Graphql Interface" time="0.417" classname="Open Graphql Interface">
    </testcase>
  </testsuite>
</testsuites>